<?xml version="1.0" encoding="UTF-8"?>
<testng-results ignored="0" total="1" passed="1" failed="0" skipped="0">
  <reporter-output>
  </reporter-output>
  <suite started-at="2023-10-11T15:45:33 IST" name="Default suite" finished-at="2023-10-11T15:45:53 IST" duration-ms="19896">
    <groups>
    </groups>
    <test started-at="2023-10-11T15:45:33 IST" name="Default test" finished-at="2023-10-11T15:45:53 IST" duration-ms="19896">
      <class name="finalProject.AmazonUsingPOM">
        <test-method signature="Amazon()[pri:0, instance:finalProject.AmazonUsingPOM@128d2484]" started-at="2023-10-11T15:45:33 IST" name="Amazon" finished-at="2023-10-11T15:45:53 IST" duration-ms="19864" status="PASS">
          <reporter-output>
          </reporter-output>
        </test-method> <!-- Amazon -->
      </class> <!-- finalProject.AmazonUsingPOM -->
    </test> <!-- Default test -->
  </suite> <!-- Default suite -->
</testng-results>
